-------------------------------------------------------------------------------
Test set: com.mscheduler.model.DateRangeTest
-------------------------------------------------------------------------------
Tests run: 19, Failures: 9, Errors: 10, Skipped: 0, Time elapsed: 1.233 sec <<< FAILURE!
testLocalDateTimeToDate(com.mscheduler.model.DateRangeTest)  Time elapsed: 0.076 sec  <<< ERROR!
java.lang.NullPointerException
	at com.mscheduler.model.DateRange.localDateTimeToDate(DateRange.java:55)
	at com.mscheduler.model.DateRangeTest.testLocalDateTimeToDate(DateRangeTest.java:43)
testGetDate_start(com.mscheduler.model.DateRangeTest)  Time elapsed: 0.039 sec  <<< FAILURE!
junit.framework.AssertionFailedError: expected:<null> but was:<Sun Nov 19 17:38:07 ICT 2017>
	at junit.framework.Assert.fail(Assert.java:47)
	at junit.framework.Assert.failNotEquals(Assert.java:280)
	at junit.framework.Assert.assertEquals(Assert.java:64)
	at junit.framework.Assert.assertEquals(Assert.java:71)
	at com.mscheduler.model.DateRangeTest.testGetDate_start(DateRangeTest.java:57)
testSetDate_start(com.mscheduler.model.DateRangeTest)  Time elapsed: 0 sec  <<< FAILURE!
junit.framework.AssertionFailedError: The test case is a prototype.
	at junit.framework.Assert.fail(Assert.java:47)
	at com.mscheduler.model.DateRangeTest.testSetDate_start(DateRangeTest.java:71)
testLocalDateStart(com.mscheduler.model.DateRangeTest)  Time elapsed: 0 sec  <<< FAILURE!
junit.framework.AssertionFailedError: expected:<null> but was:<2017-11-19T17:38:07.372>
	at junit.framework.Assert.fail(Assert.java:47)
	at junit.framework.Assert.failNotEquals(Assert.java:280)
	at junit.framework.Assert.assertEquals(Assert.java:64)
	at junit.framework.Assert.assertEquals(Assert.java:71)
	at com.mscheduler.model.DateRangeTest.testLocalDateStart(DateRangeTest.java:107)
testSetLocalDate_start(com.mscheduler.model.DateRangeTest)  Time elapsed: 0 sec  <<< ERROR!
java.lang.NullPointerException
	at com.mscheduler.model.DateRange.setLocalDate_start(DateRange.java:80)
	at com.mscheduler.model.DateRangeTest.testSetLocalDate_start(DateRangeTest.java:119)
testSetLocalDate_end(com.mscheduler.model.DateRangeTest)  Time elapsed: 0 sec  <<< ERROR!
java.lang.NullPointerException
	at com.mscheduler.model.DateRange.setLocalDate_end(DateRange.java:88)
	at com.mscheduler.model.DateRangeTest.testSetLocalDate_end(DateRangeTest.java:144)
testIsDateRangeBetween(com.mscheduler.model.DateRangeTest)  Time elapsed: 0 sec  <<< ERROR!
java.lang.NullPointerException
	at com.mscheduler.model.DateRange.isDateRangeBetween(DateRange.java:100)
	at com.mscheduler.model.DateRangeTest.testIsDateRangeBetween(DateRangeTest.java:184)
testIsDateBetween(com.mscheduler.model.DateRangeTest)  Time elapsed: 0.232 sec  <<< ERROR!
java.lang.NullPointerException
	at java.time.chrono.ChronoLocalDateTime.isBefore(ChronoLocalDateTime.java:547)
	at java.time.LocalDateTime.isBefore(LocalDateTime.java:1889)
	at com.mscheduler.model.DateRange.isDateBetween(DateRange.java:104)
	at com.mscheduler.model.DateRangeTest.testIsDateBetween(DateRangeTest.java:198)
testDateToLocalDateTime(com.mscheduler.model.DateRangeTest)  Time elapsed: 0.016 sec  <<< ERROR!
java.lang.NullPointerException
	at com.mscheduler.model.DateRange.dateToLocalDateTime(DateRange.java:51)
	at com.mscheduler.model.DateRangeTest.testDateToLocalDateTime(DateRangeTest.java:29)
testLength(com.mscheduler.model.DateRangeTest)  Time elapsed: 0 sec  <<< FAILURE!
junit.framework.AssertionFailedError: The test case is a prototype.
	at junit.framework.Assert.fail(Assert.java:47)
	at com.mscheduler.model.DateRangeTest.testLength(DateRangeTest.java:159)
testIsOverlapAny(com.mscheduler.model.DateRangeTest)  Time elapsed: 0 sec  <<< ERROR!
java.lang.NullPointerException
	at com.mscheduler.model.DateRange.isOverlapAny(DateRange.java:136)
	at com.mscheduler.model.DateRangeTest.testIsOverlapAny(DateRangeTest.java:264)
testGetDate_end(com.mscheduler.model.DateRangeTest)  Time elapsed: 0.004 sec  <<< FAILURE!
junit.framework.AssertionFailedError: expected:<null> but was:<Sun Nov 19 17:38:07 ICT 2017>
	at junit.framework.Assert.fail(Assert.java:47)
	at junit.framework.Assert.failNotEquals(Assert.java:280)
	at junit.framework.Assert.assertEquals(Assert.java:64)
	at junit.framework.Assert.assertEquals(Assert.java:71)
	at com.mscheduler.model.DateRangeTest.testGetDate_end(DateRangeTest.java:82)
testToString2(com.mscheduler.model.DateRangeTest)  Time elapsed: 0.769 sec  <<< FAILURE!
junit.framework.ComparisonFailure: expected:<[]> but was:<[19/11/2017 - 19/11/2017]>
	at junit.framework.Assert.assertEquals(Assert.java:81)
	at junit.framework.Assert.assertEquals(Assert.java:87)
	at com.mscheduler.model.DateRangeTest.testToString2(DateRangeTest.java:225)
testToString(com.mscheduler.model.DateRangeTest)  Time elapsed: 0.001 sec  <<< FAILURE!
junit.framework.ComparisonFailure: expected:<[]> but was:<[19/11/2017 17 - 19/11/2017 17]>
	at junit.framework.Assert.assertEquals(Assert.java:81)
	at junit.framework.Assert.assertEquals(Assert.java:87)
	at com.mscheduler.model.DateRangeTest.testToString(DateRangeTest.java:212)
testIsBetweenAny(com.mscheduler.model.DateRangeTest)  Time elapsed: 0.001 sec  <<< ERROR!
java.lang.NullPointerException
	at com.mscheduler.model.DateRange.isBetweenAny(DateRange.java:96)
	at com.mscheduler.model.DateRangeTest.testIsBetweenAny(DateRangeTest.java:170)
testLocalDateEnd(com.mscheduler.model.DateRangeTest)  Time elapsed: 0.001 sec  <<< FAILURE!
junit.framework.AssertionFailedError: expected:<null> but was:<2017-11-19T17:38:08.389>
	at junit.framework.Assert.fail(Assert.java:47)
	at junit.framework.Assert.failNotEquals(Assert.java:280)
	at junit.framework.Assert.assertEquals(Assert.java:64)
	at junit.framework.Assert.assertEquals(Assert.java:71)
	at com.mscheduler.model.DateRangeTest.testLocalDateEnd(DateRangeTest.java:132)
testIsOverlap(com.mscheduler.model.DateRangeTest)  Time elapsed: 0 sec  <<< ERROR!
java.lang.NullPointerException
	at com.mscheduler.model.DateRange.isOverlap(DateRange.java:119)
	at com.mscheduler.model.DateRangeTest.testIsOverlap(DateRangeTest.java:238)
testSetDate_end(com.mscheduler.model.DateRangeTest)  Time elapsed: 0 sec  <<< FAILURE!
junit.framework.AssertionFailedError: The test case is a prototype.
	at junit.framework.Assert.fail(Assert.java:47)
	at com.mscheduler.model.DateRangeTest.testSetDate_end(DateRangeTest.java:96)
testMergeDate(com.mscheduler.model.DateRangeTest)  Time elapsed: 0 sec  <<< ERROR!
java.lang.NullPointerException
	at com.mscheduler.model.DateRange.mergeDate(DateRange.java:123)
	at com.mscheduler.model.DateRangeTest.testMergeDate(DateRangeTest.java:251)
