<?xml version="1.0" encoding="UTF-8" ?>
<testsuite tests="19" failures="9" name="com.mscheduler.model.DateRangeTest" time="1.242" errors="10" skipped="0">
  <properties>
[...]
</properties>
  <testcase classname="com.mscheduler.model.DateRangeTest" name="testLocalDateTimeToDate" time="0.076">
    <error type="java.lang.NullPointerException">java.lang.NullPointerException
	at com.mscheduler.model.DateRange.localDateTimeToDate(DateRange.java:55)
	at com.mscheduler.model.DateRangeTest.testLocalDateTimeToDate(DateRangeTest.java:43)
</error>
    <system-out>localDateTimeToDate
</system-out>
  </testcase>
  <testcase classname="com.mscheduler.model.DateRangeTest" name="testGetDate_start" time="0.039">
    <failure message="expected:&lt;null&gt; but was:&lt;Sun Nov 19 17:38:07 ICT 2017&gt;" type="junit.framework.AssertionFailedError">junit.framework.AssertionFailedError: expected:&lt;null&gt; but was:&lt;Sun Nov 19 17:38:07 ICT 2017&gt;
	at junit.framework.Assert.fail(Assert.java:47)
	at junit.framework.Assert.failNotEquals(Assert.java:280)
	at junit.framework.Assert.assertEquals(Assert.java:64)
	at junit.framework.Assert.assertEquals(Assert.java:71)
	at com.mscheduler.model.DateRangeTest.testGetDate_start(DateRangeTest.java:57)
</failure>
    <system-out>getDate_start
</system-out>
  </testcase>
  <testcase classname="com.mscheduler.model.DateRangeTest" name="testSetDate_start" time="0">
    <failure message="The test case is a prototype." type="junit.framework.AssertionFailedError">junit.framework.AssertionFailedError: The test case is a prototype.
	at junit.framework.Assert.fail(Assert.java:47)
	at com.mscheduler.model.DateRangeTest.testSetDate_start(DateRangeTest.java:71)
</failure>
    <system-out>setDate_start
</system-out>
  </testcase>
  <testcase classname="com.mscheduler.model.DateRangeTest" name="testLocalDateStart" time="0">
    <failure message="expected:&lt;null&gt; but was:&lt;2017-11-19T17:38:07.372&gt;" type="junit.framework.AssertionFailedError">junit.framework.AssertionFailedError: expected:&lt;null&gt; but was:&lt;2017-11-19T17:38:07.372&gt;
	at junit.framework.Assert.fail(Assert.java:47)
	at junit.framework.Assert.failNotEquals(Assert.java:280)
	at junit.framework.Assert.assertEquals(Assert.java:64)
	at junit.framework.Assert.assertEquals(Assert.java:71)
	at com.mscheduler.model.DateRangeTest.testLocalDateStart(DateRangeTest.java:107)
</failure>
    <system-out>localDateStart
</system-out>
  </testcase>
  <testcase classname="com.mscheduler.model.DateRangeTest" name="testSetLocalDate_start" time="0">
    <error type="java.lang.NullPointerException">java.lang.NullPointerException
	at com.mscheduler.model.DateRange.setLocalDate_start(DateRange.java:80)
	at com.mscheduler.model.DateRangeTest.testSetLocalDate_start(DateRangeTest.java:119)
</error>
    <system-out>setLocalDate_start
</system-out>
  </testcase>
  <testcase classname="com.mscheduler.model.DateRangeTest" name="testSetLocalDate_end" time="0">
    <error type="java.lang.NullPointerException">java.lang.NullPointerException
	at com.mscheduler.model.DateRange.setLocalDate_end(DateRange.java:88)
	at com.mscheduler.model.DateRangeTest.testSetLocalDate_end(DateRangeTest.java:144)
</error>
    <system-out>setLocalDate_end
</system-out>
  </testcase>
  <testcase classname="com.mscheduler.model.DateRangeTest" name="testIsDateRangeBetween" time="0">
    <error type="java.lang.NullPointerException">java.lang.NullPointerException
	at com.mscheduler.model.DateRange.isDateRangeBetween(DateRange.java:100)
	at com.mscheduler.model.DateRangeTest.testIsDateRangeBetween(DateRangeTest.java:184)
</error>
    <system-out>isDateRangeBetween
</system-out>
  </testcase>
  <testcase classname="com.mscheduler.model.DateRangeTest" name="testIsDateBetween" time="0.232">
    <error type="java.lang.NullPointerException">java.lang.NullPointerException
	at java.time.chrono.ChronoLocalDateTime.isBefore(ChronoLocalDateTime.java:547)
	at java.time.LocalDateTime.isBefore(LocalDateTime.java:1889)
	at com.mscheduler.model.DateRange.isDateBetween(DateRange.java:104)
	at com.mscheduler.model.DateRangeTest.testIsDateBetween(DateRangeTest.java:198)
</error>
    <system-out>isDateBetween
</system-out>
  </testcase>
  <testcase classname="com.mscheduler.model.DateRangeTest" name="testDateToLocalDateTime" time="0.016">
    <error type="java.lang.NullPointerException">java.lang.NullPointerException
	at com.mscheduler.model.DateRange.dateToLocalDateTime(DateRange.java:51)
	at com.mscheduler.model.DateRangeTest.testDateToLocalDateTime(DateRangeTest.java:29)
</error>
    <system-out>dateToLocalDateTime
</system-out>
  </testcase>
  <testcase classname="com.mscheduler.model.DateRangeTest" name="testLength" time="0">
    <failure message="The test case is a prototype." type="junit.framework.AssertionFailedError">junit.framework.AssertionFailedError: The test case is a prototype.
	at junit.framework.Assert.fail(Assert.java:47)
	at com.mscheduler.model.DateRangeTest.testLength(DateRangeTest.java:159)
</failure>
    <system-out>length
</system-out>
  </testcase>
  <testcase classname="com.mscheduler.model.DateRangeTest" name="testIsOverlapAny" time="0">
    <error type="java.lang.NullPointerException">java.lang.NullPointerException
	at com.mscheduler.model.DateRange.isOverlapAny(DateRange.java:136)
	at com.mscheduler.model.DateRangeTest.testIsOverlapAny(DateRangeTest.java:264)
</error>
    <system-out>isOverlapAny
</system-out>
  </testcase>
  <testcase classname="com.mscheduler.model.DateRangeTest" name="testGetDate_end" time="0.004">
    <failure message="expected:&lt;null&gt; but was:&lt;Sun Nov 19 17:38:07 ICT 2017&gt;" type="junit.framework.AssertionFailedError">junit.framework.AssertionFailedError: expected:&lt;null&gt; but was:&lt;Sun Nov 19 17:38:07 ICT 2017&gt;
	at junit.framework.Assert.fail(Assert.java:47)
	at junit.framework.Assert.failNotEquals(Assert.java:280)
	at junit.framework.Assert.assertEquals(Assert.java:64)
	at junit.framework.Assert.assertEquals(Assert.java:71)
	at com.mscheduler.model.DateRangeTest.testGetDate_end(DateRangeTest.java:82)
</failure>
    <system-out>getDate_end
</system-out>
  </testcase>
  <testcase classname="com.mscheduler.model.DateRangeTest" name="testToString2" time="0.769">
    <failure message="expected:&lt;[]&gt; but was:&lt;[19/11/2017 - 19/11/2017]&gt;" type="junit.framework.ComparisonFailure">junit.framework.ComparisonFailure: expected:&lt;[]&gt; but was:&lt;[19/11/2017 - 19/11/2017]&gt;
	at junit.framework.Assert.assertEquals(Assert.java:81)
	at junit.framework.Assert.assertEquals(Assert.java:87)
	at com.mscheduler.model.DateRangeTest.testToString2(DateRangeTest.java:225)
</failure>
    <system-out>toString2
</system-out>
  </testcase>
  <testcase classname="com.mscheduler.model.DateRangeTest" name="testToString" time="0.001">
    <failure message="expected:&lt;[]&gt; but was:&lt;[19/11/2017 17 - 19/11/2017 17]&gt;" type="junit.framework.ComparisonFailure">junit.framework.ComparisonFailure: expected:&lt;[]&gt; but was:&lt;[19/11/2017 17 - 19/11/2017 17]&gt;
	at junit.framework.Assert.assertEquals(Assert.java:81)
	at junit.framework.Assert.assertEquals(Assert.java:87)
	at com.mscheduler.model.DateRangeTest.testToString(DateRangeTest.java:212)
</failure>
    <system-out>toString
</system-out>
  </testcase>
  <testcase classname="com.mscheduler.model.DateRangeTest" name="testIsBetweenAny" time="0.001">
    <error type="java.lang.NullPointerException">java.lang.NullPointerException
	at com.mscheduler.model.DateRange.isBetweenAny(DateRange.java:96)
	at com.mscheduler.model.DateRangeTest.testIsBetweenAny(DateRangeTest.java:170)
</error>
    <system-out>isBetweenAny
</system-out>
  </testcase>
  <testcase classname="com.mscheduler.model.DateRangeTest" name="testLocalDateEnd" time="0.001">
    <failure message="expected:&lt;null&gt; but was:&lt;2017-11-19T17:38:08.389&gt;" type="junit.framework.AssertionFailedError">junit.framework.AssertionFailedError: expected:&lt;null&gt; but was:&lt;2017-11-19T17:38:08.389&gt;
	at junit.framework.Assert.fail(Assert.java:47)
	at junit.framework.Assert.failNotEquals(Assert.java:280)
	at junit.framework.Assert.assertEquals(Assert.java:64)
	at junit.framework.Assert.assertEquals(Assert.java:71)
	at com.mscheduler.model.DateRangeTest.testLocalDateEnd(DateRangeTest.java:132)
</failure>
    <system-out>localDateEnd
</system-out>
  </testcase>
  <testcase classname="com.mscheduler.model.DateRangeTest" name="testIsOverlap" time="0">
    <error type="java.lang.NullPointerException">java.lang.NullPointerException
	at com.mscheduler.model.DateRange.isOverlap(DateRange.java:119)
	at com.mscheduler.model.DateRangeTest.testIsOverlap(DateRangeTest.java:238)
</error>
    <system-out>isOverlap
</system-out>
  </testcase>
  <testcase classname="com.mscheduler.model.DateRangeTest" name="testSetDate_end" time="0">
    <failure message="The test case is a prototype." type="junit.framework.AssertionFailedError">junit.framework.AssertionFailedError: The test case is a prototype.
	at junit.framework.Assert.fail(Assert.java:47)
	at com.mscheduler.model.DateRangeTest.testSetDate_end(DateRangeTest.java:96)
</failure>
    <system-out>setDate_end
</system-out>
  </testcase>
  <testcase classname="com.mscheduler.model.DateRangeTest" name="testMergeDate" time="0">
    <error type="java.lang.NullPointerException">java.lang.NullPointerException
	at com.mscheduler.model.DateRange.mergeDate(DateRange.java:123)
	at com.mscheduler.model.DateRangeTest.testMergeDate(DateRangeTest.java:251)
</error>
    <system-out>mergeDate
</system-out>
  </testcase>
</testsuite>