<?xml version="1.0" encoding="UTF-8" ?>
<testsuite tests="28" failures="24" name="com.mscheduler.model.MeetingTest" time="0.063" errors="4" skipped="0">
  <properties>
[...]
</properties>
  <testcase classname="com.mscheduler.model.MeetingTest" name="testToString" time="0.016">
    <error type="java.lang.NullPointerException">java.lang.NullPointerException
	at com.mscheduler.model.Meeting.toString(Meeting.java:64)
	at com.mscheduler.model.MeetingTest.testToString(MeetingTest.java:27)
</error>
    <system-out>toString
</system-out>
  </testcase>
  <testcase classname="com.mscheduler.model.MeetingTest" name="testSetStatus" time="0">
    <failure message="The test case is a prototype." type="junit.framework.AssertionFailedError">junit.framework.AssertionFailedError: The test case is a prototype.
	at junit.framework.Assert.fail(Assert.java:47)
	at com.mscheduler.model.MeetingTest.testSetStatus(MeetingTest.java:346)
</failure>
    <system-out>setStatus
</system-out>
  </testcase>
  <testcase classname="com.mscheduler.model.MeetingTest" name="testGetStatus" time="0">
    <failure message="The test case is a prototype." type="junit.framework.AssertionFailedError">junit.framework.AssertionFailedError: The test case is a prototype.
	at junit.framework.Assert.fail(Assert.java:47)
	at com.mscheduler.model.MeetingTest.testGetStatus(MeetingTest.java:334)
</failure>
    <system-out>getStatus
</system-out>
  </testcase>
  <testcase classname="com.mscheduler.model.MeetingTest" name="testIsPastDeadline" time="0">
    <error type="java.lang.NullPointerException">java.lang.NullPointerException
	at com.mscheduler.model.Meeting.isPastDeadline(Meeting.java:92)
	at com.mscheduler.model.MeetingTest.testIsPastDeadline(MeetingTest.java:40)
</error>
    <system-out>isPastDeadline
</system-out>
  </testcase>
  <testcase classname="com.mscheduler.model.MeetingTest" name="testIsImportantParticipant" time="0">
    <error type="java.lang.NullPointerException">java.lang.NullPointerException
	at com.mscheduler.model.Meeting.isImportantParticipant(Meeting.java:101)
	at com.mscheduler.model.MeetingTest.testIsImportantParticipant(MeetingTest.java:54)
</error>
    <system-out>isImportantParticipant
</system-out>
  </testcase>
  <testcase classname="com.mscheduler.model.MeetingTest" name="testGetPastDeadline" time="0">
    <failure message="The test case is a prototype." type="junit.framework.AssertionFailedError">junit.framework.AssertionFailedError: The test case is a prototype.
	at junit.framework.Assert.fail(Assert.java:47)
	at com.mscheduler.model.MeetingTest.testGetPastDeadline(MeetingTest.java:147)
</failure>
    <system-out>getPastDeadline
</system-out>
  </testcase>
  <testcase classname="com.mscheduler.model.MeetingTest" name="testGetProposed_date_range" time="0">
    <failure message="The test case is a prototype." type="junit.framework.AssertionFailedError">junit.framework.AssertionFailedError: The test case is a prototype.
	at junit.framework.Assert.fail(Assert.java:47)
	at com.mscheduler.model.MeetingTest.testGetProposed_date_range(MeetingTest.java:234)
</failure>
    <system-out>getProposed_date_range
</system-out>
  </testcase>
  <testcase classname="com.mscheduler.model.MeetingTest" name="testGetNegotiation_deadline" time="0">
    <failure message="The test case is a prototype." type="junit.framework.AssertionFailedError">junit.framework.AssertionFailedError: The test case is a prototype.
	at junit.framework.Assert.fail(Assert.java:47)
	at com.mscheduler.model.MeetingTest.testGetNegotiation_deadline(MeetingTest.java:259)
</failure>
    <system-out>getNegotiation_deadline
</system-out>
  </testcase>
  <testcase classname="com.mscheduler.model.MeetingTest" name="testSetNegotiation_deadline" time="0">
    <failure message="The test case is a prototype." type="junit.framework.AssertionFailedError">junit.framework.AssertionFailedError: The test case is a prototype.
	at junit.framework.Assert.fail(Assert.java:47)
	at com.mscheduler.model.MeetingTest.testSetNegotiation_deadline(MeetingTest.java:271)
</failure>
    <system-out>setNegotiation_deadline
</system-out>
  </testcase>
  <testcase classname="com.mscheduler.model.MeetingTest" name="testSetParticipants" time="0">
    <failure message="The test case is a prototype." type="junit.framework.AssertionFailedError">junit.framework.AssertionFailedError: The test case is a prototype.
	at junit.framework.Assert.fail(Assert.java:47)
	at com.mscheduler.model.MeetingTest.testSetParticipants(MeetingTest.java:296)
</failure>
    <system-out>setParticipants
</system-out>
  </testcase>
  <testcase classname="com.mscheduler.model.MeetingTest" name="testGetImportant_participants" time="0">
    <failure message="The test case is a prototype." type="junit.framework.AssertionFailedError">junit.framework.AssertionFailedError: The test case is a prototype.
	at junit.framework.Assert.fail(Assert.java:47)
	at com.mscheduler.model.MeetingTest.testGetImportant_participants(MeetingTest.java:309)
</failure>
    <system-out>getImportant_participants
</system-out>
  </testcase>
  <testcase classname="com.mscheduler.model.MeetingTest" name="testSetImportant_participants" time="0">
    <failure message="The test case is a prototype." type="junit.framework.AssertionFailedError">junit.framework.AssertionFailedError: The test case is a prototype.
	at junit.framework.Assert.fail(Assert.java:47)
	at com.mscheduler.model.MeetingTest.testSetImportant_participants(MeetingTest.java:321)
</failure>
    <system-out>setImportant_participants
</system-out>
  </testcase>
  <testcase classname="com.mscheduler.model.MeetingTest" name="testGetAgreed_time" time="0">
    <failure message="The test case is a prototype." type="junit.framework.AssertionFailedError">junit.framework.AssertionFailedError: The test case is a prototype.
	at junit.framework.Assert.fail(Assert.java:47)
	at com.mscheduler.model.MeetingTest.testGetAgreed_time(MeetingTest.java:359)
</failure>
    <system-out>getAgreed_time
</system-out>
  </testcase>
  <testcase classname="com.mscheduler.model.MeetingTest" name="testSetProposed_date_range" time="0">
    <failure message="The test case is a prototype." type="junit.framework.AssertionFailedError">junit.framework.AssertionFailedError: The test case is a prototype.
	at junit.framework.Assert.fail(Assert.java:47)
	at com.mscheduler.model.MeetingTest.testSetProposed_date_range(MeetingTest.java:246)
</failure>
    <system-out>setProposed_date_range
</system-out>
  </testcase>
  <testcase classname="com.mscheduler.model.MeetingTest" name="testIsNormalParticipant" time="0.016">
    <error type="java.lang.NullPointerException">java.lang.NullPointerException
	at com.mscheduler.model.Meeting.isNormalParticipant(Meeting.java:111)
	at com.mscheduler.model.MeetingTest.testIsNormalParticipant(MeetingTest.java:68)
</error>
    <system-out>isNormalParticipant
</system-out>
  </testcase>
  <testcase classname="com.mscheduler.model.MeetingTest" name="testSetPastDeadline" time="0">
    <failure message="The test case is a prototype." type="junit.framework.AssertionFailedError">junit.framework.AssertionFailedError: The test case is a prototype.
	at junit.framework.Assert.fail(Assert.java:47)
	at com.mscheduler.model.MeetingTest.testSetPastDeadline(MeetingTest.java:159)
</failure>
    <system-out>setPastDeadline
</system-out>
  </testcase>
  <testcase classname="com.mscheduler.model.MeetingTest" name="testGetParticipants" time="0">
    <failure message="The test case is a prototype." type="junit.framework.AssertionFailedError">junit.framework.AssertionFailedError: The test case is a prototype.
	at junit.framework.Assert.fail(Assert.java:47)
	at com.mscheduler.model.MeetingTest.testGetParticipants(MeetingTest.java:284)
</failure>
    <system-out>getParticipants
</system-out>
  </testcase>
  <testcase classname="com.mscheduler.model.MeetingTest" name="testSetAgreed_time" time="0">
    <failure message="The test case is a prototype." type="junit.framework.AssertionFailedError">junit.framework.AssertionFailedError: The test case is a prototype.
	at junit.framework.Assert.fail(Assert.java:47)
	at com.mscheduler.model.MeetingTest.testSetAgreed_time(MeetingTest.java:371)
</failure>
    <system-out>setAgreed_time
</system-out>
  </testcase>
  <testcase classname="com.mscheduler.model.MeetingTest" name="testSetDuration" time="0">
    <failure message="The test case is a prototype." type="junit.framework.AssertionFailedError">junit.framework.AssertionFailedError: The test case is a prototype.
	at junit.framework.Assert.fail(Assert.java:47)
	at com.mscheduler.model.MeetingTest.testSetDuration(MeetingTest.java:221)
</failure>
    <system-out>setDuration
</system-out>
  </testcase>
  <testcase classname="com.mscheduler.model.MeetingTest" name="testGetTitle" time="0.015">
    <failure message="expected:&lt;&gt; but was:&lt;null&gt;" type="junit.framework.ComparisonFailure">junit.framework.ComparisonFailure: expected:&lt;&gt; but was:&lt;null&gt;
	at junit.framework.Assert.assertEquals(Assert.java:81)
	at junit.framework.Assert.assertEquals(Assert.java:87)
	at com.mscheduler.model.MeetingTest.testGetTitle(MeetingTest.java:107)
</failure>
    <system-out>getTitle
</system-out>
  </testcase>
  <testcase classname="com.mscheduler.model.MeetingTest" name="testSetLocation" time="0">
    <failure message="The test case is a prototype." type="junit.framework.AssertionFailedError">junit.framework.AssertionFailedError: The test case is a prototype.
	at junit.framework.Assert.fail(Assert.java:47)
	at com.mscheduler.model.MeetingTest.testSetLocation(MeetingTest.java:196)
</failure>
    <system-out>setLocation
</system-out>
  </testcase>
  <testcase classname="com.mscheduler.model.MeetingTest" name="testGetAgenda" time="0">
    <failure message="expected:&lt;&gt; but was:&lt;null&gt;" type="junit.framework.ComparisonFailure">junit.framework.ComparisonFailure: expected:&lt;&gt; but was:&lt;null&gt;
	at junit.framework.Assert.assertEquals(Assert.java:81)
	at junit.framework.Assert.assertEquals(Assert.java:87)
	at com.mscheduler.model.MeetingTest.testGetAgenda(MeetingTest.java:132)
</failure>
    <system-out>getAgenda
</system-out>
  </testcase>
  <testcase classname="com.mscheduler.model.MeetingTest" name="testSetAgenda" time="0">
    <failure message="The test case is a prototype." type="junit.framework.AssertionFailedError">junit.framework.AssertionFailedError: The test case is a prototype.
	at junit.framework.Assert.fail(Assert.java:47)
	at com.mscheduler.model.MeetingTest.testSetAgenda(MeetingTest.java:171)
</failure>
    <system-out>setAgenda
</system-out>
  </testcase>
  <testcase classname="com.mscheduler.model.MeetingTest" name="testSetTitle" time="0">
    <failure message="The test case is a prototype." type="junit.framework.AssertionFailedError">junit.framework.AssertionFailedError: The test case is a prototype.
	at junit.framework.Assert.fail(Assert.java:47)
	at com.mscheduler.model.MeetingTest.testSetTitle(MeetingTest.java:121)
</failure>
    <system-out>setTitle
</system-out>
  </testcase>
  <testcase classname="com.mscheduler.model.MeetingTest" name="testGetId" time="0">
    <failure message="The test case is a prototype." type="junit.framework.AssertionFailedError">junit.framework.AssertionFailedError: The test case is a prototype.
	at junit.framework.Assert.fail(Assert.java:47)
	at com.mscheduler.model.MeetingTest.testGetId(MeetingTest.java:84)
</failure>
    <system-out>getId
</system-out>
  </testcase>
  <testcase classname="com.mscheduler.model.MeetingTest" name="testSetId" time="0">
    <failure message="The test case is a prototype." type="junit.framework.AssertionFailedError">junit.framework.AssertionFailedError: The test case is a prototype.
	at junit.framework.Assert.fail(Assert.java:47)
	at com.mscheduler.model.MeetingTest.testSetId(MeetingTest.java:96)
</failure>
    <system-out>setId
</system-out>
  </testcase>
  <testcase classname="com.mscheduler.model.MeetingTest" name="testGetLocation" time="0">
    <failure message="expected:&lt;&gt; but was:&lt;null&gt;" type="junit.framework.ComparisonFailure">junit.framework.ComparisonFailure: expected:&lt;&gt; but was:&lt;null&gt;
	at junit.framework.Assert.assertEquals(Assert.java:81)
	at junit.framework.Assert.assertEquals(Assert.java:87)
	at com.mscheduler.model.MeetingTest.testGetLocation(MeetingTest.java:182)
</failure>
    <system-out>getLocation
</system-out>
  </testcase>
  <testcase classname="com.mscheduler.model.MeetingTest" name="testGetDuration" time="0">
    <failure message="The test case is a prototype." type="junit.framework.AssertionFailedError">junit.framework.AssertionFailedError: The test case is a prototype.
	at junit.framework.Assert.fail(Assert.java:47)
	at com.mscheduler.model.MeetingTest.testGetDuration(MeetingTest.java:209)
</failure>
    <system-out>getDuration
</system-out>
  </testcase>
</testsuite>