<?xml version="1.0" encoding="UTF-8" ?>
<testsuite tests="21" failures="18" name="com.mscheduler.model.UserTest" time="0.677" errors="3" skipped="0">
  <properties>
[...]
</properties>
  <testcase classname="com.mscheduler.model.UserTest" name="testBooleanReadUser" time="0.241">
    <failure message="The test case is a prototype." type="junit.framework.AssertionFailedError">junit.framework.AssertionFailedError: The test case is a prototype.
	at junit.framework.Assert.fail(Assert.java:47)
	at com.mscheduler.model.UserTest.testBooleanReadUser(UserTest.java:155)
</failure>
    <system-out>BooleanReadUser
</system-out>
  </testcase>
  <testcase classname="com.mscheduler.model.UserTest" name="testBooleanReadPass" time="0">
    <failure message="The test case is a prototype." type="junit.framework.AssertionFailedError">junit.framework.AssertionFailedError: The test case is a prototype.
	at junit.framework.Assert.fail(Assert.java:47)
	at com.mscheduler.model.UserTest.testBooleanReadPass(UserTest.java:170)
</failure>
    <system-out>BooleanReadPass
</system-out>
  </testcase>
  <testcase classname="com.mscheduler.model.UserTest" name="testSetEmail" time="0">
    <failure message="The test case is a prototype." type="junit.framework.AssertionFailedError">junit.framework.AssertionFailedError: The test case is a prototype.
	at junit.framework.Assert.fail(Assert.java:47)
	at com.mscheduler.model.UserTest.testSetEmail(UserTest.java:40)
</failure>
    <system-out>setEmail
</system-out>
  </testcase>
  <testcase classname="com.mscheduler.model.UserTest" name="testGetPassword" time="0.014">
    <failure message="The test case is a prototype." type="junit.framework.AssertionFailedError">junit.framework.AssertionFailedError: The test case is a prototype.
	at junit.framework.Assert.fail(Assert.java:47)
	at com.mscheduler.model.UserTest.testGetPassword(UserTest.java:53)
</failure>
    <system-out>getPassword
</system-out>
  </testcase>
  <testcase classname="com.mscheduler.model.UserTest" name="testGetEmail" time="0">
    <failure message="The test case is a prototype." type="junit.framework.AssertionFailedError">junit.framework.AssertionFailedError: The test case is a prototype.
	at junit.framework.Assert.fail(Assert.java:47)
	at com.mscheduler.model.UserTest.testGetEmail(UserTest.java:28)
</failure>
    <system-out>getEmail
</system-out>
  </testcase>
  <testcase classname="com.mscheduler.model.UserTest" name="testSetPassword" time="0">
    <failure message="The test case is a prototype." type="junit.framework.AssertionFailedError">junit.framework.AssertionFailedError: The test case is a prototype.
	at junit.framework.Assert.fail(Assert.java:47)
	at com.mscheduler.model.UserTest.testSetPassword(UserTest.java:65)
</failure>
    <system-out>setPassword
</system-out>
  </testcase>
  <testcase classname="com.mscheduler.model.UserTest" name="testGetName" time="0">
    <failure message="The test case is a prototype." type="junit.framework.AssertionFailedError">junit.framework.AssertionFailedError: The test case is a prototype.
	at junit.framework.Assert.fail(Assert.java:47)
	at com.mscheduler.model.UserTest.testGetName(UserTest.java:78)
</failure>
    <system-out>getName
</system-out>
  </testcase>
  <testcase classname="com.mscheduler.model.UserTest" name="testSetName" time="0">
    <failure message="The test case is a prototype." type="junit.framework.AssertionFailedError">junit.framework.AssertionFailedError: The test case is a prototype.
	at junit.framework.Assert.fail(Assert.java:47)
	at com.mscheduler.model.UserTest.testSetName(UserTest.java:90)
</failure>
    <system-out>setName
</system-out>
  </testcase>
  <testcase classname="com.mscheduler.model.UserTest" name="testIsIsAdmin" time="0.001">
    <failure message="The test case is a prototype." type="junit.framework.AssertionFailedError">junit.framework.AssertionFailedError: The test case is a prototype.
	at junit.framework.Assert.fail(Assert.java:47)
	at com.mscheduler.model.UserTest.testIsIsAdmin(UserTest.java:103)
</failure>
    <system-out>isIsAdmin
</system-out>
  </testcase>
  <testcase classname="com.mscheduler.model.UserTest" name="testSetIsAdmin" time="0.011">
    <failure message="The test case is a prototype." type="junit.framework.AssertionFailedError">junit.framework.AssertionFailedError: The test case is a prototype.
	at junit.framework.Assert.fail(Assert.java:47)
	at com.mscheduler.model.UserTest.testSetIsAdmin(UserTest.java:115)
</failure>
    <system-out>setIsAdmin
</system-out>
  </testcase>
  <testcase classname="com.mscheduler.model.UserTest" name="testSaving" time="0.11">
    <failure message="expected:&lt;false&gt; but was:&lt;true&gt;" type="junit.framework.AssertionFailedError">junit.framework.AssertionFailedError: expected:&lt;false&gt; but was:&lt;true&gt;
	at junit.framework.Assert.fail(Assert.java:47)
	at junit.framework.Assert.failNotEquals(Assert.java:280)
	at junit.framework.Assert.assertEquals(Assert.java:64)
	at junit.framework.Assert.assertEquals(Assert.java:146)
	at junit.framework.Assert.assertEquals(Assert.java:152)
	at com.mscheduler.model.UserTest.testSaving(UserTest.java:126)
</failure>
    <system-out>saving
</system-out>
  </testcase>
  <testcase classname="com.mscheduler.model.UserTest" name="testReadUser" time="0.064">
    <failure message="expected:&lt;null&gt; but was:&lt;com.mscheduler.model.User@6ec8211c&gt;" type="junit.framework.AssertionFailedError">junit.framework.AssertionFailedError: expected:&lt;null&gt; but was:&lt;com.mscheduler.model.User@6ec8211c&gt;
	at junit.framework.Assert.fail(Assert.java:47)
	at junit.framework.Assert.failNotEquals(Assert.java:280)
	at junit.framework.Assert.assertEquals(Assert.java:64)
	at junit.framework.Assert.assertEquals(Assert.java:71)
	at com.mscheduler.model.UserTest.testReadUser(UserTest.java:139)
</failure>
    <system-out>readUser
</system-out>
    <system-err>Nov 19, 2017 5:38:09 PM com.mscheduler.model.User readUser
SEVERE: null
com.fasterxml.jackson.databind.JsonMappingException: Can not deserialize instance of com.mscheduler.model.User out of START_ARRAY token
 at [Source: data\user.json; line: 1, column: 1]
	at com.fasterxml.jackson.databind.JsonMappingException.from(JsonMappingException.java:270)
	at com.fasterxml.jackson.databind.DeserializationContext.reportMappingException(DeserializationContext.java:1234)
	at com.fasterxml.jackson.databind.DeserializationContext.handleUnexpectedToken(DeserializationContext.java:1122)
	at com.fasterxml.jackson.databind.DeserializationContext.handleUnexpectedToken(DeserializationContext.java:1075)
	at com.fasterxml.jackson.databind.deser.BeanDeserializerBase.deserializeFromArray(BeanDeserializerBase.java:1374)
	at com.fasterxml.jackson.databind.deser.BeanDeserializer._deserializeOther(BeanDeserializer.java:174)
	at com.fasterxml.jackson.databind.deser.BeanDeserializer.deserialize(BeanDeserializer.java:150)
	at com.fasterxml.jackson.databind.ObjectMapper._readMapAndClose(ObjectMapper.java:3798)
	at com.fasterxml.jackson.databind.ObjectMapper.readValue(ObjectMapper.java:2740)
	at com.mscheduler.model.User.readUser(User.java:100)
	at com.mscheduler.model.UserTest.testReadUser(UserTest.java:138)
	at sun.reflect.NativeMethodAccessorImpl.invoke0(Native Method)
	at sun.reflect.NativeMethodAccessorImpl.invoke(NativeMethodAccessorImpl.java:62)
	at sun.reflect.DelegatingMethodAccessorImpl.invoke(DelegatingMethodAccessorImpl.java:43)
	at java.lang.reflect.Method.invoke(Method.java:498)
	at junit.framework.TestCase.runTest(TestCase.java:164)
	at junit.framework.TestCase.runBare(TestCase.java:130)
	at junit.framework.TestResult$1.protect(TestResult.java:106)
	at junit.framework.TestResult.runProtected(TestResult.java:124)
	at junit.framework.TestResult.run(TestResult.java:109)
	at junit.framework.TestCase.run(TestCase.java:120)
	at junit.framework.TestSuite.runTest(TestSuite.java:230)
	at junit.framework.TestSuite.run(TestSuite.java:225)
	at sun.reflect.NativeMethodAccessorImpl.invoke0(Native Method)
	at sun.reflect.NativeMethodAccessorImpl.invoke(NativeMethodAccessorImpl.java:62)
	at sun.reflect.DelegatingMethodAccessorImpl.invoke(DelegatingMethodAccessorImpl.java:43)
	at java.lang.reflect.Method.invoke(Method.java:498)
	at org.apache.maven.surefire.junit.JUnitTestSet.execute(JUnitTestSet.java:96)
	at org.apache.maven.surefire.junit.JUnit3Provider.executeTestSet(JUnit3Provider.java:117)
	at org.apache.maven.surefire.junit.JUnit3Provider.invoke(JUnit3Provider.java:94)
	at sun.reflect.NativeMethodAccessorImpl.invoke0(Native Method)
	at sun.reflect.NativeMethodAccessorImpl.invoke(NativeMethodAccessorImpl.java:62)
	at sun.reflect.DelegatingMethodAccessorImpl.invoke(DelegatingMethodAccessorImpl.java:43)
	at java.lang.reflect.Method.invoke(Method.java:498)
	at org.apache.maven.surefire.util.ReflectionUtils.invokeMethodWithArray(ReflectionUtils.java:164)
	at org.apache.maven.surefire.booter.ProviderFactory$ProviderProxy.invoke(ProviderFactory.java:110)
	at org.apache.maven.surefire.booter.SurefireStarter.invokeProvider(SurefireStarter.java:175)
	at org.apache.maven.surefire.booter.SurefireStarter.runSuitesInProcessWhenForked(SurefireStarter.java:107)
	at org.apache.maven.surefire.booter.ForkedBooter.main(ForkedBooter.java:68)

</system-err>
  </testcase>
  <testcase classname="com.mscheduler.model.UserTest" name="testReadUserOne" time="0">
    <failure message="expected:&lt;null&gt; but was:&lt;com.mscheduler.model.User@544a2ea6&gt;" type="junit.framework.AssertionFailedError">junit.framework.AssertionFailedError: expected:&lt;null&gt; but was:&lt;com.mscheduler.model.User@544a2ea6&gt;
	at junit.framework.Assert.fail(Assert.java:47)
	at junit.framework.Assert.failNotEquals(Assert.java:280)
	at junit.framework.Assert.assertEquals(Assert.java:64)
	at junit.framework.Assert.assertEquals(Assert.java:71)
	at com.mscheduler.model.UserTest.testReadUserOne(UserTest.java:182)
</failure>
    <system-out>readUserOne
</system-out>
  </testcase>
  <testcase classname="com.mscheduler.model.UserTest" name="testEncr" time="0">
    <failure message="expected:&lt;[]&gt; but was:&lt;[d41d8cd98f00b204e9800998ecf8427e]&gt;" type="junit.framework.ComparisonFailure">junit.framework.ComparisonFailure: expected:&lt;[]&gt; but was:&lt;[d41d8cd98f00b204e9800998ecf8427e]&gt;
	at junit.framework.Assert.assertEquals(Assert.java:81)
	at junit.framework.Assert.assertEquals(Assert.java:87)
	at com.mscheduler.model.UserTest.testEncr(UserTest.java:196)
</failure>
    <system-out>encr
</system-out>
  </testcase>
  <testcase classname="com.mscheduler.model.UserTest" name="testCheckLoginDb" time="0">
    <error type="java.lang.NullPointerException">java.lang.NullPointerException
	at com.mscheduler.model.User.checkLoginDb(User.java:206)
	at com.mscheduler.model.UserTest.testCheckLoginDb(UserTest.java:209)
</error>
    <system-out>checkLoginDb
</system-out>
  </testcase>
  <testcase classname="com.mscheduler.model.UserTest" name="testLastAdmin" time="0">
    <failure message="The test case is a prototype." type="junit.framework.AssertionFailedError">junit.framework.AssertionFailedError: The test case is a prototype.
	at junit.framework.Assert.fail(Assert.java:47)
	at com.mscheduler.model.UserTest.testLastAdmin(UserTest.java:225)
</failure>
    <system-out>lastAdmin
</system-out>
  </testcase>
  <testcase classname="com.mscheduler.model.UserTest" name="testEditAll" time="0.065">
    <error type="java.lang.NullPointerException">java.lang.NullPointerException
	at com.mscheduler.model.User.editAll(User.java:261)
	at com.mscheduler.model.UserTest.testEditAll(UserTest.java:236)
</error>
    <system-out>editAll
</system-out>
  </testcase>
  <testcase classname="com.mscheduler.model.UserTest" name="testEditOne" time="0">
    <error type="java.lang.NullPointerException">java.lang.NullPointerException
	at com.mscheduler.model.User.editOne(User.java:287)
	at com.mscheduler.model.UserTest.testEditOne(UserTest.java:251)
</error>
    <system-out>editOne
</system-out>
  </testcase>
  <testcase classname="com.mscheduler.model.UserTest" name="testReadAll" time="0.136">
    <failure message="expected:&lt;[]&gt; but was:&lt;[admin@ms.com
user1@ms.com
user2@ms.com
user3@ms.com
user4@ms.com
user5@ms.com
user6@ms.com
user7@ms.com
user8@ms.com
user9@ms.com
user10@ms.com
user11@ms.com
user12@ms.com
user13@ms.com
user14@ms.com
user15@ms.com
user16@ms.com
user17@ms.com
user18@ms.com
user19@ms.com
user20@ms.com

]&gt;" type="junit.framework.ComparisonFailure">junit.framework.ComparisonFailure: expected:&lt;[]&gt; but was:&lt;[admin@ms.com
user1@ms.com
user2@ms.com
user3@ms.com
user4@ms.com
user5@ms.com
user6@ms.com
user7@ms.com
user8@ms.com
user9@ms.com
user10@ms.com
user11@ms.com
user12@ms.com
user13@ms.com
user14@ms.com
user15@ms.com
user16@ms.com
user17@ms.com
user18@ms.com
user19@ms.com
user20@ms.com
]&gt;
	at junit.framework.Assert.assertEquals(Assert.java:81)
	at junit.framework.Assert.assertEquals(Assert.java:87)
	at com.mscheduler.model.UserTest.testReadAll(UserTest.java:265)
</failure>
    <system-out>readAll
</system-out>
  </testcase>
  <testcase classname="com.mscheduler.model.UserTest" name="testDel" time="0.013">
    <failure message="expected:&lt;false&gt; but was:&lt;true&gt;" type="junit.framework.AssertionFailedError">junit.framework.AssertionFailedError: expected:&lt;false&gt; but was:&lt;true&gt;
	at junit.framework.Assert.fail(Assert.java:47)
	at junit.framework.Assert.failNotEquals(Assert.java:280)
	at junit.framework.Assert.assertEquals(Assert.java:64)
	at junit.framework.Assert.assertEquals(Assert.java:146)
	at junit.framework.Assert.assertEquals(Assert.java:152)
	at com.mscheduler.model.UserTest.testDel(UserTest.java:278)
</failure>
    <system-out>del
</system-out>
  </testcase>
  <testcase classname="com.mscheduler.model.UserTest" name="testCheckdel" time="0.016">
    <failure message="expected:&lt;false&gt; but was:&lt;true&gt;" type="junit.framework.AssertionFailedError">junit.framework.AssertionFailedError: expected:&lt;false&gt; but was:&lt;true&gt;
	at junit.framework.Assert.fail(Assert.java:47)
	at junit.framework.Assert.failNotEquals(Assert.java:280)
	at junit.framework.Assert.assertEquals(Assert.java:64)
	at junit.framework.Assert.assertEquals(Assert.java:146)
	at junit.framework.Assert.assertEquals(Assert.java:152)
	at com.mscheduler.model.UserTest.testCheckdel(UserTest.java:292)
</failure>
    <system-out>checkdel
</system-out>
  </testcase>
</testsuite>